========================================================

Fort Merchant Page Request Parameters 
Array
(
    [merchant_identifier] => duRzILde
    [access_code] => YoiM58ZMhzr7PNJ5EcUj
    [merchant_reference] => 7487557814
    [service_command] => TOKENIZATION
    [language] => en
    [return_url] => http://rajdeep.crystalbiltech.com/thoag/shop/payfortRoute?r=merchantPageReturn
    [signature] => 668f6bb7d9573697f30ab637313e54450077e99921b7cc146c3a3f095a58787e
)


========================================================

Fort Merchant Page Request Parameters 
Array
(
    [merchant_identifier] => duRzILde
    [access_code] => YoiM58ZMhzr7PNJ5EcUj
    [merchant_reference] => 368193923
    [service_command] => TOKENIZATION
    [language] => en
    [return_url] => http://rajdeep.crystalbiltech.com/thoag/shop/payfortRoute?r=merchantPageReturn
    [signature] => 16ff24237bd0e49fc2dc8f5938024a724ea877b22ddd31e941eaca12a2bf26ce
)


========================================================

Fort Merchant Page Request Parameters 
Array
(
    [merchant_identifier] => duRzILde
    [access_code] => YoiM58ZMhzr7PNJ5EcUj
    [merchant_reference] => 5405358807
    [service_command] => TOKENIZATION
    [language] => en
    [return_url] => http://rajdeep.crystalbiltech.com/thoag/shop/payfortRoute?r=merchantPageReturn
    [signature] => e245ca1af919cdcdf0948e697c30485d30e4ef8432ff9af98cde751d520989d7
)


========================================================

Fort Merchant Page Request Parameters 
Array
(
    [merchant_identifier] => duRzILde
    [access_code] => YoiM58ZMhzr7PNJ5EcUj
    [merchant_reference] => 5036602113
    [service_command] => TOKENIZATION
    [language] => en
    [return_url] => http://rajdeep.crystalbiltech.com/thoag/shop/payfortRoute?r=merchantPageReturn
    [signature] => 9d9f8108f9d29c7da7ec2430eee107760f636f0862ddc0b00fb69d06479e908c
)


========================================================

Fort Merchant Page Request Parameters 
Array
(
    [merchant_identifier] => duRzILde
    [access_code] => YoiM58ZMhzr7PNJ5EcUj
    [merchant_reference] => 1927120210
    [service_command] => TOKENIZATION
    [language] => en
    [return_url] => http://rajdeep.crystalbiltech.com/thoag/shop/payfortRoute?r=merchantPageReturn
    [signature] => 2f3b4927388e47a8eacdadaddad7bc49da1a418d09fd3ff3d6aef5e8941e7261
)


========================================================

Fort Merchant Page Request Parameters 
Array
(
    [merchant_identifier] => duRzILde
    [access_code] => YoiM58ZMhzr7PNJ5EcUj
    [merchant_reference] => 3971202126
    [service_command] => TOKENIZATION
    [language] => en
    [return_url] => http://rajdeep.crystalbiltech.com/thoag/shop/payfortRoute?r=merchantPageReturn
    [signature] => f3119b3b26cef6441270ac6f9466e0579b32c239644eae5298fd87a69b13ad30
)


========================================================

Fort Merchant Page Request Parameters 
Array
(
    [merchant_identifier] => duRzILde
    [access_code] => YoiM58ZMhzr7PNJ5EcUj
    [merchant_reference] => 1681224792
    [service_command] => TOKENIZATION
    [language] => en
    [return_url] => http://rajdeep.crystalbiltech.com/thoag/shop/payfortRoute?r=merchantPageReturn
    [signature] => ef0dfc99343b476026f66ca86a41dc4acfaa538b3ef489bd27b4087a30ae056b
)


========================================================

Fort Merchant Page Request Parameters 
Array
(
    [merchant_identifier] => duRzILde
    [access_code] => YoiM58ZMhzr7PNJ5EcUj
    [merchant_reference] => 6238933606
    [service_command] => TOKENIZATION
    [language] => en
    [return_url] => http://rajdeep.crystalbiltech.com/thoag/shop/payfortRoute?r=merchantPageReturn
    [signature] => 55ce62819859f68a49310a91ab87b3934edd49512001bd7c5fc40b35144c345b
)


========================================================

Fort Merchant Page Request Parameters 
Array
(
    [merchant_identifier] => duRzILde
    [access_code] => YoiM58ZMhzr7PNJ5EcUj
    [merchant_reference] => 3374824789
    [service_command] => TOKENIZATION
    [language] => en
    [return_url] => http://rajdeep.crystalbiltech.com/thoag/shop/payfortRoute?r=merchantPageReturn
    [signature] => dfbff7d8ed4f66e876bea92c9c55f809cc222889e656a193d4c3c477a138df08
)


========================================================

Fort Merchant Page Request Parameters 
Array
(
    [merchant_identifier] => duRzILde
    [access_code] => YoiM58ZMhzr7PNJ5EcUj
    [merchant_reference] => 8421201128
    [service_command] => TOKENIZATION
    [language] => en
    [return_url] => http://rajdeep.crystalbiltech.com/thoag/shop/payfortRoute?r=merchantPageReturn
    [signature] => a2939a2c51f80a7e984137f4ece5052bfdd7c0dcd06eff5ac2647651596376cb
)


========================================================

Fort Merchant Page Request Parameters 
Array
(
    [merchant_identifier] => duRzILde
    [access_code] => YoiM58ZMhzr7PNJ5EcUj
    [merchant_reference] => 1377709405
    [service_command] => TOKENIZATION
    [language] => en
    [return_url] => http://rajdeep.crystalbiltech.com/thoag/shop/payfortRoute?r=merchantPageReturn
    [signature] => 68a077d0cdcfa351aa2610535d17a1f20bcad5efb1348c7d138d00a436911433
)


========================================================

Fort Merchant Page Request Parameters 
Array
(
    [merchant_identifier] => duRzILde
    [access_code] => YoiM58ZMhzr7PNJ5EcUj
    [merchant_reference] => 1649539154
    [service_command] => TOKENIZATION
    [language] => en
    [return_url] => http://rajdeep.crystalbiltech.com/thoag/shop/payfortRoute?r=merchantPageReturn
    [signature] => 5e4f8f11eaad667b32cf8325afa2382410c793e7a2ac99ad010ec58291b86f66
)


========================================================

Fort Merchant Page Request Parameters 
Array
(
    [merchant_identifier] => duRzILde
    [access_code] => YoiM58ZMhzr7PNJ5EcUj
    [merchant_reference] => 6725372653
    [service_command] => TOKENIZATION
    [language] => en
    [return_url] => http://rajdeep.crystalbiltech.com/thoag/shop/payfortRoute?r=merchantPageReturn
    [signature] => 3099a00b2eb8f506772c4552c2b8f1518204e7d909794ad67ea837403227be41
)


========================================================

Fort Merchant Page Request Parameters 
Array
(
    [merchant_identifier] => duRzILde
    [access_code] => YoiM58ZMhzr7PNJ5EcUj
    [merchant_reference] => 3770612454
    [service_command] => TOKENIZATION
    [language] => en
    [return_url] => http://rajdeep.crystalbiltech.com/thoag/shop/payfortRoute?r=merchantPageReturn
    [signature] => 2de6f71294a1d7cb2712599f2e3158c874711aa1bb1ee1e2138c1589f079a414
)


========================================================

Fort Merchant Page Request Parameters 
Array
(
    [merchant_identifier] => duRzILde
    [access_code] => YoiM58ZMhzr7PNJ5EcUj
    [merchant_reference] => 8344008214
    [service_command] => TOKENIZATION
    [language] => en
    [return_url] => http://rajdeep.crystalbiltech.com/thoag/shop/payfortRoute?r=merchantPageReturn
    [signature] => b74dbe0cb4a28aab2cef712df68997086946051626f4184340b21d7da7ad37a2
)


========================================================

Fort Merchant Page Request Parameters 
Array
(
    [merchant_identifier] => duRzILde
    [access_code] => YoiM58ZMhzr7PNJ5EcUj
    [merchant_reference] => 8646767879
    [service_command] => TOKENIZATION
    [language] => en
    [return_url] => http://rajdeep.crystalbiltech.com/thoag/shop/payfortRoute?r=merchantPageReturn
    [signature] => ec8581c08df42ad43659e0dc06c06c754b0e3cd79aca2fed5771a67dba245f28
)


